2017-11-02T11:59:27.898+0800 I CONTROL  [main] ***** SERVER RESTARTED *****
2017-11-02T11:59:30.115+0800 I CONTROL  [main] Trying to install Windows service 'MongoDB'
2017-11-02T11:59:32.165+0800 I CONTROL  [main] Service 'MongoDB' (MongoDB) installed with command line 'G:\Mg\bin\mongod.exe --config F:\nodeapp\myblog\db\MongoDb.conf --service'
2017-11-02T11:59:32.165+0800 I CONTROL  [main] Service can be started from the command line with 'net start MongoDB'
2017-11-02T12:00:10.949+0800 I CONTROL  [main] ***** SERVER RESTARTED *****
2017-11-02T12:00:11.494+0800 I CONTROL  [main] Trying to start Windows service 'MongoDB'
2017-11-02T12:00:11.495+0800 I CONTROL  [initandlisten] MongoDB starting : pid=6580 port=27017 dbpath=F:\nodeapp\myblog\db\data 64-bit host=PC201612091718
2017-11-02T12:00:11.495+0800 I CONTROL  [initandlisten] targetMinOS: Windows 7/Windows Server 2008 R2
2017-11-02T12:00:11.525+0800 I CONTROL  [initandlisten] db version v3.4.9
2017-11-02T12:00:11.525+0800 I CONTROL  [initandlisten] git version: 876ebee8c7dd0e2d992f36a848ff4dc50ee6603e
2017-11-02T12:00:11.525+0800 I CONTROL  [initandlisten] OpenSSL version: OpenSSL 1.0.1u-fips  22 Sep 2016
2017-11-02T12:00:11.525+0800 I CONTROL  [initandlisten] allocator: tcmalloc
2017-11-02T12:00:11.525+0800 I CONTROL  [initandlisten] modules: none
2017-11-02T12:00:11.525+0800 I CONTROL  [initandlisten] build environment:
2017-11-02T12:00:11.525+0800 I CONTROL  [initandlisten]     distmod: 2008plus-ssl
2017-11-02T12:00:11.525+0800 I CONTROL  [initandlisten]     distarch: x86_64
2017-11-02T12:00:11.525+0800 I CONTROL  [initandlisten]     target_arch: x86_64
2017-11-02T12:00:11.525+0800 I CONTROL  [initandlisten] options: { config: "F:\nodeapp\myblog\db\MongoDb.conf", net: { port: 27017 }, security: { authorization: "enabled" }, service: true, storage: { dbPath: "F:\nodeapp\myblog\db\data", journal: { enabled: true } }, systemLog: { destination: "file", logAppend: true, path: "F:\nodeapp\myblog\db\logs\MongoDb.Log", quiet: true } }
2017-11-02T12:00:11.606+0800 I STORAGE  [initandlisten] wiredtiger_open config: create,cache_size=1388M,session_max=20000,eviction=(threads_min=4,threads_max=4),config_base=false,statistics=(fast),log=(enabled=true,archive=true,path=journal,compressor=snappy),file_manager=(close_idle_time=100000),checkpoint=(wait=60,log_size=2GB),statistics_log=(wait=0),
2017-11-02T12:00:12.463+0800 I CONTROL  [initandlisten] Hotfix KB2731284 or later update is not installed, will zero-out data files.
2017-11-02T12:00:12.463+0800 I CONTROL  [initandlisten] 
2017-11-02T12:00:13.879+0800 I FTDC     [initandlisten] Initializing full-time diagnostic data capture with directory 'F:/nodeapp/myblog/db/data/diagnostic.data'
2017-11-02T12:00:14.165+0800 I INDEX    [initandlisten] build index on: admin.system.version properties: { v: 2, key: { version: 1 }, name: "incompatible_with_version_32", ns: "admin.system.version" }
2017-11-02T12:00:14.165+0800 I INDEX    [initandlisten] 	 building index using bulk method; build may temporarily use up to 500 megabytes of RAM
2017-11-02T12:00:14.237+0800 I INDEX    [initandlisten] build index done.  scanned 0 total records. 0 secs
2017-11-02T12:00:14.256+0800 I COMMAND  [initandlisten] setting featureCompatibilityVersion to 3.4
2017-11-02T12:00:14.258+0800 I STORAGE  [initandlisten] Service running
2017-11-02T12:00:14.263+0800 I NETWORK  [thread1] waiting for connections on port 27017
2017-11-02T12:00:53.315+0800 I ACCESS   [conn4] note: no users configured in admin.system.users, allowing localhost access
2017-11-02T12:00:53.328+0800 I NETWORK  [conn4] received client metadata from 127.0.0.1:53028 conn4: { application: { name: "MongoDB Shell" }, driver: { name: "MongoDB Internal Client", version: "3.4.9" }, os: { type: "Windows", name: "Microsoft Windows 7", architecture: "x86_64", version: "6.1 SP1 (build 7601)" } }
2017-11-02T12:00:53.571+0800 I ACCESS   [conn4] Unauthorized: not authorized on admin to execute command { getLog: "startupWarnings" }
2017-11-02T12:01:14.774+0800 I ACCESS   [conn4] Unauthorized: not authorized on admin to execute command { listDatabases: 1.0 }
2017-11-02T12:01:41.983+0800 I ACCESS   [conn4] SCRAM-SHA-1 authentication failed for chenjiulin on admin from client 127.0.0.1:53028 ; UserNotFound: Could not find user chenjiulin@admin
2017-11-02T12:04:47.367+0800 I ACCESS   [conn4] TypeMismatch: "createUser" had the wrong type. Expected string, found undefined
2017-11-02T12:05:44.328+0800 I NETWORK  [conn5] received client metadata from 127.0.0.1:53268 conn5: { driver: { name: "nodejs", version: "2.2.33" }, os: { type: "Windows_NT", name: "win32", architecture: "x64", version: "6.1.7601" }, platform: "Node.js v6.6.0, LE, mongodb-core: 2.1.17" }
2017-11-02T12:07:19.465+0800 I NETWORK  [conn6] received client metadata from 127.0.0.1:53290 conn6: { application: { name: "MongoDB Shell" }, driver: { name: "MongoDB Internal Client", version: "3.4.9" }, os: { type: "Windows", name: "Microsoft Windows 7", architecture: "x86_64", version: "6.1 SP1 (build 7601)" } }
2017-11-02T12:07:19.469+0800 I ACCESS   [conn6] Unauthorized: not authorized on admin to execute command { getLog: "startupWarnings" }
2017-11-02T14:17:40.805+0800 I CONTROL  [main] ***** SERVER RESTARTED *****
2017-11-02T14:17:41.341+0800 I CONTROL  [main] Trying to install Windows service 'MongoDB'
2017-11-02T14:17:41.761+0800 I CONTROL  [main] Service 'MongoDB' (MongoDB) installed with command line 'G:\Mg\bin\mongod.exe --config F:\nodeapp\mycode\myblog\db\MongoDb.conf --service'
2017-11-02T14:17:41.761+0800 I CONTROL  [main] Service can be started from the command line with 'net start MongoDB'
2017-11-02T14:17:49.860+0800 I CONTROL  [main] ***** SERVER RESTARTED *****
2017-11-02T14:17:50.396+0800 I CONTROL  [main] Trying to start Windows service 'MongoDB'
2017-11-02T14:17:50.396+0800 I CONTROL  [initandlisten] MongoDB starting : pid=6980 port=27017 dbpath=F:\nodeapp\mycode\myblog\db\data 64-bit host=PC201612091718
2017-11-02T14:17:50.396+0800 I CONTROL  [initandlisten] targetMinOS: Windows 7/Windows Server 2008 R2
2017-11-02T14:17:50.396+0800 I CONTROL  [initandlisten] db version v3.4.9
2017-11-02T14:17:50.397+0800 I CONTROL  [initandlisten] git version: 876ebee8c7dd0e2d992f36a848ff4dc50ee6603e
2017-11-02T14:17:50.397+0800 I CONTROL  [initandlisten] OpenSSL version: OpenSSL 1.0.1u-fips  22 Sep 2016
2017-11-02T14:17:50.397+0800 I CONTROL  [initandlisten] allocator: tcmalloc
2017-11-02T14:17:50.397+0800 I CONTROL  [initandlisten] modules: none
2017-11-02T14:17:50.397+0800 I CONTROL  [initandlisten] build environment:
2017-11-02T14:17:50.397+0800 I CONTROL  [initandlisten]     distmod: 2008plus-ssl
2017-11-02T14:17:50.397+0800 I CONTROL  [initandlisten]     distarch: x86_64
2017-11-02T14:17:50.397+0800 I CONTROL  [initandlisten]     target_arch: x86_64
2017-11-02T14:17:50.397+0800 I CONTROL  [initandlisten] options: { config: "F:\nodeapp\mycode\myblog\db\MongoDb.conf", net: { port: 27017 }, security: { authorization: "disabled" }, service: true, storage: { dbPath: "F:\nodeapp\mycode\myblog\db\data", journal: { enabled: true } }, systemLog: { destination: "file", logAppend: true, path: "F:\nodeapp\mycode\myblog\db\logs\MongoDb.Log", quiet: true } }
2017-11-02T14:17:50.398+0800 I STORAGE  [initandlisten] wiredtiger_open config: create,cache_size=1388M,session_max=20000,eviction=(threads_min=4,threads_max=4),config_base=false,statistics=(fast),log=(enabled=true,archive=true,path=journal,compressor=snappy),file_manager=(close_idle_time=100000),checkpoint=(wait=60,log_size=2GB),statistics_log=(wait=0),
2017-11-02T14:17:51.757+0800 I CONTROL  [initandlisten] Hotfix KB2731284 or later update is not installed, will zero-out data files.
2017-11-02T14:17:51.757+0800 I CONTROL  [initandlisten] 
2017-11-02T14:17:52.103+0800 I FTDC     [initandlisten] Initializing full-time diagnostic data capture with directory 'F:/nodeapp/mycode/myblog/db/data/diagnostic.data'
2017-11-02T14:17:52.104+0800 I STORAGE  [initandlisten] Service running
2017-11-02T14:17:52.104+0800 I NETWORK  [thread1] waiting for connections on port 27017
2017-11-02T14:17:53.078+0800 I FTDC     [ftdc] Unclean full-time diagnostic data capture shutdown detected, found interim file, some metrics may have been lost. OK
2017-11-02T14:23:08.274+0800 I NETWORK  [conn7] received client metadata from 127.0.0.1:54070 conn7: { driver: { name: "nodejs", version: "2.2.33" }, os: { type: "Windows_NT", name: "win32", architecture: "x64", version: "6.1.7601" }, platform: "Node.js v6.6.0, LE, mongodb-core: 2.1.17" }
2017-11-02T14:24:14.303+0800 I NETWORK  [conn8] received client metadata from 127.0.0.1:54083 conn8: { application: { name: "Robomongo" }, driver: { name: "MongoDB Internal Client", version: "3.4.3-7-gf394f8c" }, os: { type: "Windows", name: "Microsoft Windows 7", architecture: "x86_64", version: "6.1 SP1 (build 7601)" } }
2017-11-02T14:24:14.777+0800 I NETWORK  [conn9] received client metadata from 127.0.0.1:54084 conn9: { application: { name: "MongoDB Shell" }, driver: { name: "MongoDB Internal Client", version: "3.4.3-7-gf394f8c" }, os: { type: "Windows", name: "Microsoft Windows 7", architecture: "x86_64", version: "6.1 SP1 (build 7601)" } }
2017-11-02T14:25:29.325+0800 I NETWORK  [conn10] received client metadata from 127.0.0.1:54185 conn10: { driver: { name: "nodejs", version: "2.2.33" }, os: { type: "Windows_NT", name: "win32", architecture: "x64", version: "6.1.7601" }, platform: "Node.js v6.6.0, LE, mongodb-core: 2.1.17" }
2017-11-02T15:26:20.041+0800 I NETWORK  [conn11] received client metadata from 127.0.0.1:56382 conn11: { driver: { name: "nodejs", version: "2.2.33" }, os: { type: "Windows_NT", name: "win32", architecture: "x64", version: "6.1.7601" }, platform: "Node.js v6.6.0, LE, mongodb-core: 2.1.17" }
2017-11-02T15:46:11.571+0800 I NETWORK  [conn12] received client metadata from 127.0.0.1:56820 conn12: { driver: { name: "nodejs", version: "2.2.33" }, os: { type: "Windows_NT", name: "win32", architecture: "x64", version: "6.1.7601" }, platform: "Node.js v6.6.0, LE, mongodb-core: 2.1.17" }
2017-11-02T15:50:45.772+0800 I NETWORK  [conn13] received client metadata from 127.0.0.1:56973 conn13: { driver: { name: "nodejs", version: "2.2.33" }, os: { type: "Windows_NT", name: "win32", architecture: "x64", version: "6.1.7601" }, platform: "Node.js v6.6.0, LE, mongodb-core: 2.1.17" }
2017-11-02T17:28:41.542+0800 I COMMAND  [conn8] command admin.$cmd appName: "Robomongo" command: listCollections { listCollections: 1, filter: {}, cursor: {} } numYields:0 reslen:273 locks:{ Global: { acquireCount: { r: 2 } }, Database: { acquireCount: { R: 1 } } } protocol:op_command 391ms
2017-11-02T17:28:44.829+0800 I NETWORK  [conn14] received client metadata from 127.0.0.1:58414 conn14: { application: { name: "Robomongo" }, driver: { name: "MongoDB Internal Client", version: "3.4.3-7-gf394f8c" }, os: { type: "Windows", name: "Microsoft Windows 7", architecture: "x86_64", version: "6.1 SP1 (build 7601)" } }
2017-11-02T17:28:45.785+0800 I NETWORK  [conn15] received client metadata from 127.0.0.1:58415 conn15: { application: { name: "MongoDB Shell" }, driver: { name: "MongoDB Internal Client", version: "3.4.3-7-gf394f8c" }, os: { type: "Windows", name: "Microsoft Windows 7", architecture: "x86_64", version: "6.1 SP1 (build 7601)" } }
2017-11-02T17:28:45.951+0800 I COMMAND  [conn15] command admin.$cmd appName: "MongoDB Shell" command: buildInfo { buildinfo: 1.0 } numYields:0 reslen:1068 locks:{} protocol:op_command 144ms
2017-11-02T17:28:46.175+0800 I COMMAND  [conn14] command db.$cmd appName: "Robomongo" command: serverStatus { serverStatus: "1" } numYields:0 reslen:22776 locks:{ Global: { acquireCount: { r: 2 } } } protocol:op_command 107ms
2017-11-02T17:28:46.470+0800 I COMMAND  [conn15] command admin.system.version appName: "MongoDB Shell" command: find { find: "system.version", filter: {} } planSummary: COLLSCAN keysExamined:0 docsExamined:1 cursorExhausted:1 numYields:1 nreturned:1 reslen:155 locks:{ Global: { acquireCount: { r: 4 } }, Database: { acquireCount: { r: 2 } }, Collection: { acquireCount: { r: 2 } } } protocol:op_command 193ms
2017-11-02T18:25:57.644+0800 I CONTROL  [serviceShutdown] got SERVICE_CONTROL_STOP request from Windows Service Control Manager, will terminate after current cmd ends
2017-11-02T18:25:57.693+0800 I NETWORK  [serviceShutdown] shutdown: going to close listening sockets...
2017-11-02T18:25:57.693+0800 I NETWORK  [serviceShutdown] closing listening socket: 428
2017-11-02T18:25:57.728+0800 I NETWORK  [serviceShutdown] shutdown: going to flush diaglog...
2017-11-02T18:25:57.728+0800 I FTDC     [serviceShutdown] Shutting down full-time diagnostic data capture
2017-11-02T18:25:57.766+0800 I STORAGE  [serviceShutdown] WiredTigerKVEngine shutting down
2017-11-02T18:25:58.420+0800 I STORAGE  [serviceShutdown] shutdown: removing fs lock...
2017-11-02T18:25:58.420+0800 I CONTROL  [serviceShutdown] now exiting


***** SERVER RESTARTED *****


Thu Nov 02 22:34:51.941 Trying to start Windows service 'MongoDB'
Thu Nov 02 22:34:51.946 Service running
Thu Nov 02 22:34:51.954 [initandlisten] MongoDB starting : pid=6392 port=27017 dbpath=F:\html\codestudy\mycode.git\trunk\myblog\db 32-bit host=PC-20160515CTVC
Thu Nov 02 22:34:51.954 [initandlisten] 
Thu Nov 02 22:34:51.954 [initandlisten] ** NOTE: This is a 32 bit MongoDB binary.
Thu Nov 02 22:34:51.954 [initandlisten] **       32 bit builds are limited to less than 2GB of data (or less with --journal).
Thu Nov 02 22:34:51.954 [initandlisten] **       See http://dochub.mongodb.org/core/32bit
Thu Nov 02 22:34:51.954 [initandlisten] 
Thu Nov 02 22:34:51.955 [initandlisten] db version v2.4.5
Thu Nov 02 22:34:51.955 [initandlisten] git version: a2ddc68ba7c9cee17bfe69ed840383ec3506602b
Thu Nov 02 22:34:51.955 [initandlisten] build info: windows sys.getwindowsversion(major=6, minor=0, build=6002, platform=2, service_pack='Service Pack 2') BOOST_LIB_VERSION=1_49
Thu Nov 02 22:34:51.955 [initandlisten] allocator: system
Thu Nov 02 22:34:51.955 [initandlisten] options: { config: "F:\html\codestudy\mycode.git\trunk\myblog\db\MongoDb.conf", dbpath: "F:\html\codestudy\mycode.git\trunk\myblog\db", journal: "true", logappend: "true", logpath: "F:\html\codestudy\mycode.git\trunk\myblog\db\logs\MongoDb.Log", port: 27017, quiet: "true", service: true }
Thu Nov 02 22:34:52.172 [initandlisten] journal dir=F:\html\codestudy\mycode.git\trunk\myblog\db\journal
Thu Nov 02 22:34:52.174 [initandlisten] recover : no journal files present, no recovery needed
Thu Nov 02 22:34:52.765 [FileAllocator] allocating new datafile F:\html\codestudy\mycode.git\trunk\myblog\db\local.ns, filling with zeroes...
Thu Nov 02 22:34:52.765 [FileAllocator] creating directory F:\html\codestudy\mycode.git\trunk\myblog\db\_tmp
Thu Nov 02 22:34:52.837 [FileAllocator] done allocating datafile F:\html\codestudy\mycode.git\trunk\myblog\db\local.ns, size: 16MB,  took 0.07 secs
Thu Nov 02 22:34:52.968 [FileAllocator] allocating new datafile F:\html\codestudy\mycode.git\trunk\myblog\db\local.0, filling with zeroes...
Thu Nov 02 22:34:53.034 [FileAllocator] done allocating datafile F:\html\codestudy\mycode.git\trunk\myblog\db\local.0, size: 16MB,  took 0.064 secs
Thu Nov 02 22:34:53.037 [initandlisten] command local.$cmd command: { create: "startup_log", size: 10485760, capped: true } ntoreturn:1 keyUpdates:0  reslen:37 271ms
Thu Nov 02 22:34:53.041 [websvr] admin web console waiting for connections on port 28017
Thu Nov 02 22:34:53.041 [initandlisten] waiting for connections on port 27017
Fri Nov 03 00:47:24.484 [conn10] command local.$cmd command: { dbstats: 1.0, scale: null } ntoreturn:1 keyUpdates:0 locks(micros) r:275427 reslen:248 275ms
Fri Nov 03 00:48:52.014 [FileAllocator] allocating new datafile F:\html\codestudy\mycode.git\trunk\myblog\db\admin.ns, filling with zeroes...
Fri Nov 03 00:48:52.178 [FileAllocator] done allocating datafile F:\html\codestudy\mycode.git\trunk\myblog\db\admin.ns, size: 16MB,  took 0.162 secs
Fri Nov 03 00:48:52.375 [FileAllocator] allocating new datafile F:\html\codestudy\mycode.git\trunk\myblog\db\admin.0, filling with zeroes...
Fri Nov 03 00:48:52.433 [FileAllocator] done allocating datafile F:\html\codestudy\mycode.git\trunk\myblog\db\admin.0, size: 16MB,  took 0.057 secs
Fri Nov 03 00:48:52.436 [FileAllocator] allocating new datafile F:\html\codestudy\mycode.git\trunk\myblog\db\admin.1, filling with zeroes...
Fri Nov 03 00:48:52.468 [conn13] build index admin.users { _id: 1 }
Fri Nov 03 00:48:52.525 [conn13] build index done.  scanned 0 total records. 0.057 secs
Fri Nov 03 00:48:52.526 [conn13] command admin.$cmd command: { create: "users" } ntoreturn:1 keyUpdates:0  reslen:37 570ms
Fri Nov 03 00:48:52.567 [FileAllocator] done allocating datafile F:\html\codestudy\mycode.git\trunk\myblog\db\admin.1, size: 32MB,  took 0.13 secs
Fri Nov 03 00:49:02.832 [conn14] query admin.users query: { orderby: { _id: -1.0 }, $query: {} } ntoreturn:5 ntoskip:0 nscanned:0 keyUpdates:0 locks(micros) r:87380 nreturned:0 reslen:20 101ms
Fri Nov 03 00:58:48.611 [conn41] query local.startup_log query: { orderby: { _id: -1.0 }, $query: {} } ntoreturn:5 ntoskip:0 nscanned:1 scanAndOrder:1 keyUpdates:0 locks(micros) r:180847 nreturned:1 reslen:1013 180ms
Fri Nov 03 00:58:48.611 [conn32] query local.startup_log query: { orderby: { _id: -1.0 }, $query: {} } ntoreturn:5 ntoskip:0 nscanned:1 scanAndOrder:1 keyUpdates:0 locks(micros) r:181395 nreturned:1 reslen:1013 181ms
Fri Nov 03 01:10:45.920 [serviceShutdown] got SERVICE_CONTROL_STOP request from Windows Service Control Manager, will terminate after current cmd ends
Fri Nov 03 01:10:45.982 [serviceShutdown] now exiting
Fri Nov 03 01:10:45.982 dbexit: 
Fri Nov 03 01:10:45.982 [serviceShutdown] shutdown: going to close listening sockets...
Fri Nov 03 01:10:45.982 [serviceShutdown] closing listening socket: 584
Fri Nov 03 01:10:45.982 [serviceShutdown] closing listening socket: 588
Fri Nov 03 01:10:45.982 [serviceShutdown] shutdown: going to flush diaglog...
Fri Nov 03 01:10:45.982 [serviceShutdown] shutdown: going to close sockets...
Fri Nov 03 01:10:45.982 [serviceShutdown] shutdown: waiting for fs preallocator...
Fri Nov 03 01:10:45.982 [serviceShutdown] shutdown: lock for final commit...
Fri Nov 03 01:10:45.982 [serviceShutdown] shutdown: final commit...
Fri Nov 03 01:10:45.982 [serviceShutdown] shutdown: closing all files...
Fri Nov 03 01:10:45.998 [serviceShutdown] closeAllFiles() finished
Fri Nov 03 01:10:46.029 [serviceShutdown] journalCleanup...
Fri Nov 03 01:10:46.029 [serviceShutdown] removeJournalFiles
Fri Nov 03 01:10:46.029 [serviceShutdown] shutdown: removing fs lock...
